<?xml version="1.0" encoding="UTF-8"?>
<testsuite xmlns:xsi="http://www.w3.org/2001/XMLSchema-instance" xsi:noNamespaceSchemaLocation="https://maven.apache.org/surefire/maven-surefire-plugin/xsd/surefire-test-report-3.0.xsd" version="3.0" name="dados.NotificacaoTest" time="0.082" tests="2" errors="0" skipped="0" failures="0">
  <properties>
[...]
</properties>
  <testcase name="testConstructorGetters" classname="dados.NotificacaoTest" time="0.049">
    <system-out><![CDATA[--Teste do construtor e getters--
Mensagem: Processo de adoção solicitado, Data: Mon Jul 01 19:27:35 BRT 2024, ONG: ONG 1
]]></system-out>
  </testcase>
  <testcase name="testSetters" classname="dados.NotificacaoTest" time="0.002">
    <system-out><![CDATA[
--Teste dos setters--
Mensagem: Nova mensangem, Data: Mon Jul 01 19:27:35 BRT 2024, ONG: ONG 2
]]></system-out>
  </testcase>
</testsuite>